{"contracts\\saleAgreement.sol":{"l":{"31":0,"32":0,"36":0,"37":0,"42":0,"50":0,"51":0,"56":0,"57":0,"58":0,"59":0,"61":0,"62":0,"64":0,"65":0,"67":0,"72":0,"73":0,"74":0,"75":0,"76":0,"81":0,"82":0,"83":0,"85":0,"86":0,"87":0,"89":0,"90":0,"91":0,"93":0,"94":0,"99":0,"100":0},"path":"C:\\Users\\admin\\Task\\Trade-Market\\contracts\\saleAgreement.sol","s":{"1":0,"2":0,"3":0,"4":0,"5":0,"6":0,"7":0,"8":0,"9":0,"10":0,"11":0,"12":0,"13":0,"14":0,"15":0,"16":0,"17":0,"18":0,"19":0,"20":0,"21":0,"22":0,"23":0,"24":0,"25":0,"26":0,"27":0,"28":0,"29":0,"30":0},"b":{"1":[0,0],"2":[0,0],"3":[0,0],"4":[0,0],"5":[0,0],"6":[0,0],"7":[0,0],"8":[0,0],"9":[0,0],"10":[0,0],"11":[0,0],"12":[0,0],"13":[0,0],"14":[0,0],"15":[0,0],"16":[0,0],"17":[0,0],"18":[0,0],"19":[0,0],"20":[0,0]},"f":{"1":0,"2":0,"3":0,"4":0,"5":0,"6":0,"7":0},"fnMap":{"1":{"name":"onlyArbitrator","line":30,"loc":{"start":{"line":30,"column":4},"end":{"line":33,"column":4}}},"2":{"name":"constructor","line":35,"loc":{"start":{"line":35,"column":4},"end":{"line":38,"column":4}}},"3":{"name":"createAgreement","line":41,"loc":{"start":{"line":41,"column":4},"end":{"line":52,"column":4}}},"4":{"name":"depositPayment","line":55,"loc":{"start":{"line":55,"column":4},"end":{"line":68,"column":4}}},"5":{"name":"raiseDispute","line":71,"loc":{"start":{"line":71,"column":4},"end":{"line":77,"column":4}}},"6":{"name":"resolveDispute","line":80,"loc":{"start":{"line":80,"column":4},"end":{"line":95,"column":4}}},"7":{"name":"changeArbitrator","line":98,"loc":{"start":{"line":98,"column":4},"end":{"line":101,"column":4}}}},"statementMap":{"1":{"start":{"line":31,"column":8},"end":{"line":31,"column":72}},"2":{"start":{"line":36,"column":8},"end":{"line":36,"column":71}},"3":{"start":{"line":50,"column":8},"end":{"line":50,"column":89}},"4":{"start":{"line":51,"column":8},"end":{"line":51,"column":32}},"5":{"start":{"line":56,"column":8},"end":{"line":56,"column":62}},"6":{"start":{"line":57,"column":8},"end":{"line":57,"column":72}},"7":{"start":{"line":58,"column":8},"end":{"line":58,"column":62}},"8":{"start":{"line":59,"column":8},"end":{"line":59,"column":70}},"9":{"start":{"line":61,"column":8},"end":{"line":61,"column":2515}},"10":{"start":{"line":62,"column":12},"end":{"line":62,"column":72}},"11":{"start":{"line":64,"column":12},"end":{"line":64,"column":57}},"12":{"start":{"line":65,"column":12},"end":{"line":65,"column":107}},"13":{"start":{"line":67,"column":8},"end":{"line":67,"column":72}},"14":{"start":{"line":72,"column":8},"end":{"line":72,"column":62}},"15":{"start":{"line":73,"column":8},"end":{"line":73,"column":118}},"16":{"start":{"line":74,"column":8},"end":{"line":74,"column":70}},"17":{"start":{"line":76,"column":8},"end":{"line":76,"column":40}},"18":{"start":{"line":81,"column":8},"end":{"line":81,"column":62}},"19":{"start":{"line":82,"column":8},"end":{"line":82,"column":65}},"20":{"start":{"line":83,"column":8},"end":{"line":83,"column":87}},"21":{"start":{"line":85,"column":8},"end":{"line":85,"column":3815}},"22":{"start":{"line":86,"column":12},"end":{"line":86,"column":60}},"23":{"start":{"line":87,"column":12},"end":{"line":87,"column":58}},"24":{"start":{"line":89,"column":12},"end":{"line":89,"column":57}},"25":{"start":{"line":90,"column":12},"end":{"line":90,"column":81}},"26":{"start":{"line":90,"column":34},"end":{"line":90,"column":80}},"27":{"start":{"line":91,"column":12},"end":{"line":91,"column":78}},"28":{"start":{"line":91,"column":33},"end":{"line":91,"column":77}},"29":{"start":{"line":94,"column":8},"end":{"line":94,"column":71}},"30":{"start":{"line":99,"column":8},"end":{"line":99,"column":74}}},"branchMap":{"1":{"line":31,"type":"if","locations":[{"start":{"line":31,"column":8},"end":{"line":31,"column":8}},{"start":{"line":31,"column":8},"end":{"line":31,"column":8}}]},"2":{"line":36,"type":"if","locations":[{"start":{"line":36,"column":8},"end":{"line":36,"column":8}},{"start":{"line":36,"column":8},"end":{"line":36,"column":8}}]},"3":{"line":55,"type":"if","locations":[{"start":{"line":55,"column":67},"end":{"line":55,"column":67}},{"start":{"line":55,"column":67},"end":{"line":55,"column":67}}]},"4":{"line":57,"type":"if","locations":[{"start":{"line":57,"column":8},"end":{"line":57,"column":8}},{"start":{"line":57,"column":8},"end":{"line":57,"column":8}}]},"5":{"line":58,"type":"if","locations":[{"start":{"line":58,"column":8},"end":{"line":58,"column":8}},{"start":{"line":58,"column":8},"end":{"line":58,"column":8}}]},"6":{"line":59,"type":"if","locations":[{"start":{"line":59,"column":8},"end":{"line":59,"column":8}},{"start":{"line":59,"column":8},"end":{"line":59,"column":8}}]},"7":{"line":61,"type":"if","locations":[{"start":{"line":61,"column":8},"end":{"line":61,"column":8}},{"start":{"line":61,"column":8},"end":{"line":61,"column":8}}]},"8":{"line":62,"type":"if","locations":[{"start":{"line":62,"column":12},"end":{"line":62,"column":12}},{"start":{"line":62,"column":12},"end":{"line":62,"column":12}}]},"9":{"line":65,"type":"if","locations":[{"start":{"line":65,"column":12},"end":{"line":65,"column":12}},{"start":{"line":65,"column":12},"end":{"line":65,"column":12}}]},"10":{"line":73,"type":"if","locations":[{"start":{"line":73,"column":8},"end":{"line":73,"column":8}},{"start":{"line":73,"column":8},"end":{"line":73,"column":8}}]},"11":{"line":73,"type":"cond-expr","locations":[{"start":{"line":73,"column":16},"end":{"line":73,"column":44}},{"start":{"line":73,"column":49},"end":{"line":73,"column":78}}]},"12":{"line":74,"type":"if","locations":[{"start":{"line":74,"column":8},"end":{"line":74,"column":8}},{"start":{"line":74,"column":8},"end":{"line":74,"column":8}}]},"13":{"line":80,"type":"if","locations":[{"start":{"line":80,"column":104},"end":{"line":80,"column":104}},{"start":{"line":80,"column":104},"end":{"line":80,"column":104}}]},"14":{"line":82,"type":"if","locations":[{"start":{"line":82,"column":8},"end":{"line":82,"column":8}},{"start":{"line":82,"column":8},"end":{"line":82,"column":8}}]},"15":{"line":83,"type":"if","locations":[{"start":{"line":83,"column":8},"end":{"line":83,"column":8}},{"start":{"line":83,"column":8},"end":{"line":83,"column":8}}]},"16":{"line":85,"type":"if","locations":[{"start":{"line":85,"column":8},"end":{"line":85,"column":8}},{"start":{"line":85,"column":8},"end":{"line":85,"column":8}}]},"17":{"line":90,"type":"if","locations":[{"start":{"line":90,"column":12},"end":{"line":90,"column":12}},{"start":{"line":90,"column":12},"end":{"line":90,"column":12}}]},"18":{"line":91,"type":"if","locations":[{"start":{"line":91,"column":12},"end":{"line":91,"column":12}},{"start":{"line":91,"column":12},"end":{"line":91,"column":12}}]},"19":{"line":98,"type":"if","locations":[{"start":{"line":98,"column":63},"end":{"line":98,"column":63}},{"start":{"line":98,"column":63},"end":{"line":98,"column":63}}]},"20":{"line":99,"type":"if","locations":[{"start":{"line":99,"column":8},"end":{"line":99,"column":8}},{"start":{"line":99,"column":8},"end":{"line":99,"column":8}}]}}}}