TN:
SF:C:\Users\admin\Task\Trade-Market\contracts\saleAgreement.sol
FN:30,onlyArbitrator
FN:35,constructor
FN:41,createAgreement
FN:55,depositPayment
FN:71,raiseDispute
FN:80,resolveDispute
FN:98,changeArbitrator
FNF:7
FNH:7
FNDA:1,onlyArbitrator
FNDA:5,constructor
FNDA:4,createAgreement
FNDA:2,depositPayment
FNDA:2,raiseDispute
FNDA:1,resolveDispute
FNDA:1,changeArbitrator
DA:31,1
DA:32,1
DA:36,5
DA:37,5
DA:42,4
DA:50,4
DA:51,4
DA:56,2
DA:57,2
DA:58,2
DA:59,2
DA:61,2
DA:62,2
DA:64,0
DA:65,0
DA:67,2
DA:72,2
DA:73,2
DA:74,2
DA:75,2
DA:76,2
DA:81,1
DA:82,1
DA:83,1
DA:85,1
DA:86,1
DA:87,1
DA:89,0
DA:90,0
DA:91,0
DA:93,1
DA:94,1
DA:99,1
DA:100,1
LF:34
LH:29
BRDA:31,1,0,1
BRDA:31,1,1,0
BRDA:36,2,0,5
BRDA:36,2,1,0
BRDA:55,3,0,2
BRDA:55,3,1,0
BRDA:57,4,0,2
BRDA:57,4,1,0
BRDA:58,5,0,2
BRDA:58,5,1,0
BRDA:59,6,0,2
BRDA:59,6,1,0
BRDA:61,7,0,2
BRDA:61,7,1,0
BRDA:62,8,0,2
BRDA:62,8,1,0
BRDA:65,9,0,0
BRDA:65,9,1,0
BRDA:73,10,0,2
BRDA:73,10,1,0
BRDA:73,11,0,2
BRDA:73,11,1,0
BRDA:74,12,0,2
BRDA:74,12,1,0
BRDA:80,13,0,1
BRDA:80,13,1,0
BRDA:82,14,0,1
BRDA:82,14,1,0
BRDA:83,15,0,1
BRDA:83,15,1,0
BRDA:85,16,0,1
BRDA:85,16,1,0
BRDA:90,17,0,0
BRDA:90,17,1,0
BRDA:91,18,0,0
BRDA:91,18,1,0
BRDA:98,19,0,1
BRDA:98,19,1,0
BRDA:99,20,0,1
BRDA:99,20,1,0
BRF:40
BRH:17
end_of_record
